  Building GameAssembly.dll with MsvcWinRtToolChain
  	Msvc Install Version: 15.0
  	Msvc Install SDK Directory: C:\Program Files (x86)\Windows Kits\10
  	Msvc Linker Path: C:\Program Files (x86)\Microsoft Visual Studio\2019\Enterprise\VC\Tools\MSVC\14.26.28801\bin\HostX64\x86\link.exe
  	Msvc Compiler Path: C:\Program Files (x86)\Microsoft Visual Studio\2019\Enterprise\VC\Tools\MSVC\14.26.28801\bin\HostX64\x86\cl.exe
  
  	Output directory: C:\Users\ZAK\source\repos\bsc-computer-science-dissertation\iris\iris\App\build\bin\Win32\Release
  	Cache directory: C:\Users\ZAK\source\repos\bsc-computer-science-dissertation\iris\iris\App\build\obj\il2cppOutputProject\Win32\Release
  Il2CppGenericMethodDefinitions.c
  Il2CppGenericMethodTable.c
  Il2CppGenericClassTable.c
  Il2CppInteropDataTable.cpp
  Il2CppGenericInstDefinitions.c
  Il2CppGenericMethodPointerTable.cpp
  Il2CppCompilerCalculateTypeValues1.cpp
  Il2CppMetadataUsage.c
  Il2CppCompilerCalculateTypeValues.cpp
  mscorlib_CodeGen.c
  GenericMethods11.cpp
  Il2CppInvokerTable.cpp
  Generics62.cpp
  Il2CppCompilerCalculateTypeValues3.cpp
  GenericMethods2.cpp
  Il2CppCompilerCalculateTypeValues2.cpp
  Microsoft.MixedReality.Toolkit.SDK4.cpp
  GenericMethods9.cpp
  Vuforia.UnityExtensions2.cpp
  GenericMethods6.cpp
  Generics11.cpp
  GenericMethods7.cpp
  GenericMethods12.cpp
  Il2CppAttributes.cpp
  Il2CppTypeDefinitions.c
  mscorlib3.cpp
  Microsoft.MixedReality.Toolkit4.cpp
  mscorlib2.cpp
  mscorlib10.cpp
  Generics4.cpp
  Il2CppComCallableWrappers2.cpp
  Vuforia.UnityExtensions3.cpp
  mscorlib4.cpp
  UnityEngine.UI.cpp
  Generics10.cpp
  Vuforia.UnityExtensions.cpp
  Generics30.cpp
  Generics3.cpp
  Vuforia.UnityExtensions1.cpp
  Generics72.cpp
  Newtonsoft.Json.cpp
  Newtonsoft.Json1.cpp
  UnresolvedVirtualCallStubs.cpp
  mscorlib17.cpp
  GenericMethods10.cpp
  Generics13.cpp
  GenericMethods1.cpp
  Generics2.cpp
  GenericMethods8.cpp
  mscorlib13.cpp
  Generics12.cpp
  Microsoft.MixedReality.Toolkit2.cpp
  Il2CppComCallableWrappers17.cpp
  GenericMethods5.cpp
  Il2CppComCallableWrappers16.cpp
  GenericMethods.cpp
  mscorlib1.cpp
  mscorlib6.cpp
  Newtonsoft.Json2.cpp
  mscorlib7.cpp
  Generics5.cpp
  Generics51.cpp
  mscorlib.cpp
  mscorlib12.cpp
  System.Xml.cpp
  Generics63.cpp
  Il2CppComCallableWrappers1.cpp
  mscorlib8.cpp
  mscorlib9.cpp
  Generics38.cpp
  Generics14.cpp
  Generics76.cpp
  Generics50.cpp
  Generics.cpp
  Generics1.cpp
  mscorlib11.cpp
  mscorlib16.cpp
  Generics65.cpp
  Generics73.cpp
  UnityEngine.CoreModule.cpp
  Generics36.cpp
  System.cpp
  Generics15.cpp
  Il2CppComCallableWrappers34.cpp
  System1.cpp
  Il2CppComCallableWrappers.cpp
  Il2CppComCallableWrappers29.cpp
  UnityEngine.CoreModule1.cpp
  Il2CppComCallableWrappers40.cpp
  Il2CppComCallableWrappers32.cpp
  Il2CppComCallableWrappers45.cpp
  Generics64.cpp
  Il2CppComCallableWrappers38.cpp
  mscorlib14.cpp
  GenericMethods4.cpp
  Il2CppComCallableWrappers12.cpp
  Il2CppComCallableWrappers36.cpp
  Il2CppComCallableWrappers33.cpp
  Il2CppComCallableWrappers23.cpp
  Il2CppComCallableWrappers46.cpp
  Generics49.cpp
  Il2CppComCallableWrappers39.cpp
  Il2CppComCallableWrappers47.cpp
  Il2CppComCallableWrappers28.cpp
  Il2CppComCallableWrappers37.cpp
  Il2CppComCallableWrappers41.cpp
  Generics48.cpp
  Il2CppComCallableWrappers48.cpp
  Generics37.cpp
  Generics75.cpp
  Il2CppComCallableWrappers43.cpp
  Generics53.cpp
  Il2CppComCallableWrappers18.cpp
  Generics66.cpp
  Generics57.cpp
  UnityEngine.CoreModule2.cpp
  Generics52.cpp
  Il2CppComCallableWrappers13.cpp
  Il2CppComCallableWrappers24.cpp
  Il2CppComCallableWrappers42.cpp
  Il2CppComCallableWrappers31.cpp
  Il2CppComCallableWrappers15.cpp
  Il2CppComCallableWrappers19.cpp
  Il2CppComCallableWrappers4.cpp
  Il2CppComCallableWrappers25.cpp
  Il2CppComCallableWrappers30.cpp
  Generics54.cpp
  Il2CppProjectedComCallableWrapperMethods6.cpp
  Il2CppComCallableWrappers20.cpp
  Il2CppComCallableWrappers8.cpp
  Generics74.cpp
  Il2CppComCallableWrappers44.cpp
  Il2CppComCallableWrappers14.cpp
  Il2CppComCallableWrappers27.cpp
  Il2CppComCallableWrappers22.cpp
  Il2CppComCallableWrappers26.cpp
  Il2CppComCallableWrappers21.cpp
  Generics35.cpp
  Generics71.cpp
  Generics77.cpp
  Il2CppComCallableWrappers9.cpp
  Generics70.cpp
  mscorlib15.cpp
  Generics43.cpp
  Generics17.cpp
  Generics45.cpp
  Generics19.cpp
  Generics59.cpp
  Generics42.cpp
  Generics68.cpp
  Il2CppComCallableWrappers5.cpp
  Generics20.cpp
  Generics67.cpp
  Generics29.cpp
  Microsoft.MixedReality.Toolkit.Gltf.cpp
  Il2CppComCallableWrappers35.cpp
  Generics18.cpp
  Generics78.cpp
  Generics56.cpp
  Generics79.cpp
  Generics28.cpp
  Generics80.cpp
  Generics21.cpp
  Generics69.cpp
  Generics9.cpp
  Generics47.cpp
  Generics16.cpp
  Generics26.cpp
  Il2CppComCallableWrappers49.cpp
  Generics61.cpp
  Il2CppComCallableWrappers6.cpp
  Generics55.cpp
  Generics60.cpp
  Generics39.cpp
  Generics44.cpp
  Generics27.cpp
  Generics58.cpp
  Il2CppComCallableWrappers11.cpp
  Il2CppComCallableWrappers10.cpp
  Il2CppProjectedComCallableWrapperMethods5.cpp
  Il2CppProjectedComCallableWrapperMethods3.cpp
  Generics34.cpp
  Generics23.cpp
  Generics22.cpp
  Il2CppProjectedComCallableWrapperMethods.cpp
  Il2CppProjectedComCallableWrapperMethods1.cpp
  Generics25.cpp
  Il2CppComCallableWrappers3.cpp
  Il2CppProjectedComCallableWrapperMethods2.cpp
  mscorlib18.cpp
  Generics33.cpp
  Generics41.cpp
  Generics8.cpp
  Generics32.cpp
  Generics6.cpp
  Generics31.cpp
  Generics24.cpp
  Microsoft.MixedReality.Toolkit.SDK_CodeGen.c
  GenericMethods13.cpp
  Generics46.cpp
  Generics7.cpp
  Generics40.cpp
  GenericMethods3.cpp
  I18N.Rare.cpp
  Generics81.cpp
  System.Core_CodeGen.c
  Vuforia.UnityExtensions4.cpp
  Il2CppComCallableWrappers7.cpp
  Microsoft.MixedReality.Toolkit_CodeGen.c
  Vuforia.UnityExtensions_CodeGen.c
  Il2CppGenericComDefinitions.cpp
  UnityEngine.CoreModule_CodeGen.c
  Il2CppCompilerCalculateTypeValuesTable.cpp
  Microsoft.CSharp_CodeGen.c
  System.Xml1.cpp
  Newtonsoft.Json_CodeGen.c
  UnityEngine.VRModule.cpp
  UnityEngine.IMGUIModule.cpp
  WindowsRuntimeMetadata.cpp
  I18N.Rare1.cpp
  Assembly-CSharp.cpp
  UnityEngine.UI_CodeGen.c
  Unity.TextMeshPro_CodeGen.c
  Unity.XR.WindowsMR.cpp
  I18N.CJK.cpp
  I18N.West.cpp
  System.Xml_CodeGen.c
  System_CodeGen.c
  UnityEngine.UIElementsModule_CodeGen.c
  System2.cpp
  Microsoft.MixedReality.Toolkit.Services.InputSystem_CodeGen.c
  WindowsRuntimeMetadata_CodeGen.c
  UnityEngine.PhysicsModule.cpp
  I18N.Other.cpp
  I18N.MidEast.cpp
  UnityEngine.AnimationModule.cpp
  UnityEngine.SharedInternalsModule.cpp
  UnityEngine.Physics2DModule.cpp
  I18N.cpp
  Microsoft.MixedReality.Toolkit.Services.InputSimulation_CodeGen.c
  UnityEngine.VRModule_CodeGen.c
  Microsoft.MixedReality.Toolkit.Providers.WindowsMixedReality_CodeGen.c
  Assembly-CSharp_CodeGen.c
  Microsoft.Windows.MixedReality.DotNetWinRT_CodeGen.c
  UnityEngine.UnityWebRequestModule.cpp
  UnityEngine.IMGUIModule_CodeGen.c
  UnityEngine.AudioModule.cpp
  System.Xml.Linq_CodeGen.c
  Microsoft.MixedReality.Toolkit.Gltf_CodeGen.c
  I18N.Rare_CodeGen.c
  UnityEngine.AndroidJNIModule_CodeGen.c
  Microsoft.MixedReality.Toolkit.Services.SceneSystem_CodeGen.c
  I18N.CJK_CodeGen.c
  Microsoft.MixedReality.Toolkit.Services.InputAnimation_CodeGen.c
  Microsoft.MixedReality.Toolkit.Async_CodeGen.c
  Microsoft.MixedReality.Toolkit.Services.DiagnosticsSystem_CodeGen.c
  UnityEngine.PhysicsModule_CodeGen.c
  Unity.XR.WindowsMR_CodeGen.c
  UnityEngine.UnityWebRequestModule_CodeGen.c
  UnityEngine.TextCoreModule_CodeGen.c
  I18N_CodeGen.c
  UnityEngine.XRModule_CodeGen.c
  UnityEngine.AnimationModule_CodeGen.c
  I18N.West_CodeGen.c
  UnityEngine.UIModule_CodeGen.c
  System.Runtime.WindowsRuntime_CodeGen.c
  UnityEngine.JSONSerializeModule.cpp
  I18N.Other_CodeGen.c
  UnityEngine.ParticleSystemModule_CodeGen.c
  Microsoft.MixedReality.Toolkit.Providers.WindowsVoiceInput_CodeGen.c
  Microsoft.MixedReality.Toolkit.Providers.XRSDK_CodeGen.c
  Microsoft.MixedReality.Toolkit.Providers.WindowsMixedReality.Shared_CodeGen.c
  UnityEngine.AudioModule_CodeGen.c
  UnityEngine.TextRenderingModule_CodeGen.c
  UnityEngine.SharedInternalsModule_CodeGen.c
  UnityEngine.Physics2DModule_CodeGen.c
  UnityEngine.TerrainModule_CodeGen.c
  I18N.MidEast_CodeGen.c
  Microsoft.MixedReality.Toolkit.Providers.XRSDK.WindowsMixedReality_CodeGen.c
  System.Numerics_CodeGen.c
  VuforiaScripts_CodeGen.c
  Microsoft.MixedReality.Toolkit.Services.SpatialAwarenessSystem_CodeGen.c
  Microsoft.MixedReality.Toolkit.Services.TeleportSystem_CodeGen.c
  UnityEngine.InputLegacyModule_CodeGen.c
  UnityEngine.TilemapModule_CodeGen.c
  UnityEngine.VideoModule_CodeGen.c
  Il2CppCodeRegistration.cpp
  Mono.Security_CodeGen.c
  UnityEngine.SubsystemsModule_CodeGen.c
  UnityEngine.UnityAnalyticsModule_CodeGen.c
  UnityEngine.InputModule_CodeGen.c
  UnityEngine.JSONSerializeModule_CodeGen.c
  Il2CppMetadataRegistration.c
  ObjectFiles: 470 of which compiled: 293
  	Time Compile: 7335 milliseconds Il2CppComCallableWrappers35.cpp
  	Time Compile: 7165 milliseconds Il2CppComCallableWrappers34.cpp
  	Time Compile: 6967 milliseconds Il2CppComCallableWrappers25.cpp
  	Time Compile: 6854 milliseconds Il2CppComCallableWrappers22.cpp
  	Time Compile: 6660 milliseconds Il2CppComCallableWrappers29.cpp
  	Time Compile: 6553 milliseconds Il2CppComCallableWrappers33.cpp
  	Time Compile: 6424 milliseconds Il2CppComCallableWrappers43.cpp
  	Time Compile: 6410 milliseconds Il2CppComCallableWrappers40.cpp
  	Time Compile: 6388 milliseconds Il2CppComCallableWrappers48.cpp
  	Time Compile: 6218 milliseconds Il2CppComCallableWrappers23.cpp
  Total compilation time: 58343 milliseconds.
  Creating library C:\Users\ZAK\source\repos\bsc-computer-science-dissertation\iris\iris\App\build\obj\il2cppOutputProject\Win32\Release\linkresult_96F56E318290643164632FB9D9164AA8\GameAssembly.lib and object C:\Users\ZAK\source\repos\bsc-computer-science-dissertation\iris\iris\App\build\obj\il2cppOutputProject\Win32\Release\linkresult_96F56E318290643164632FB9D9164AA8\GameAssembly.exp
  Total link time: 7326 milliseconds.
  Cleaned up 632 object files.
